<?xml version="1.0" encoding="UTF-8"?>
<!-- Generated by org.testng.reporters.JUnitReportReporter -->
<testsuite skipped="0" hostname="Neha-PC" name="com.jbk.ass.NewTest" tests="1" failures="0" timestamp="04 Jul 2021 12:56:20 GMT" time="15.481" errors="0">
  <testcase name="f" time="15.481" classname="com.jbk.ass.NewTest"/>
</testsuite> <!-- com.jbk.ass.NewTest -->
